[FINETUNING BASE MODELS]
[GENERATE METAFEATURE]
Frequency statistics in metabase:
	SVC                      0.963
	RandomForestClassifier   0.037
[OFFLINE LEARNING]
Kappa:    0.488
GMean:    0.602
Accuracy: 0.973
[[288   1]
 [  7   4]]
              precision    recall  f1-score   support

           0       0.98      1.00      0.99       289
           1       0.80      0.36      0.50        11

    accuracy                           0.97       300
   macro avg       0.89      0.68      0.74       300
weighted avg       0.97      0.97      0.97       300

                   pre       rec       spe        f1       geo       iba       sup

          0       0.98      1.00      0.36      0.99      0.60      0.39       289
          1       0.80      0.36      1.00      0.50      0.60      0.34        11

avg / total       0.97      0.97      0.39      0.97      0.60      0.38       300

[ONLINE LEARNING]
Kappa:  -0.004529789763578096
GMean:  0.0
Accuracy:  0.9812734082397003
              precision    recall  f1-score   support

           0       0.98      1.00      0.99      2627
           1       0.00      0.00      0.00        43

    accuracy                           0.98      2670
   macro avg       0.49      0.50      0.50      2670
weighted avg       0.97      0.98      0.97      2670

                   pre       rec       spe        f1       geo       iba       sup

          0       0.98      1.00      0.00      0.99      0.00      0.00      2627
          1       0.00      0.00      1.00      0.00      0.00      0.00        43

avg / total       0.97      0.98      0.02      0.97      0.00      0.00      2670

