[FINETUNING BASE MODELS]
[GENERATE METAFEATURE]
Frequency statistics in metabase:
	Pipeline                 0.562
	RandomForestClassifier   0.438
[OFFLINE LEARNING]
Kappa:    0.018+-0.215
GMean:    0.329+-0.232
Accuracy: 0.517+-0.147
[ONLINE LEARNING]
Kappa:  -0.009755175942690597
GMean:  0.4059005639054389
Accuracy:  0.6311750599520384
              precision    recall  f1-score   support

           0       0.74      0.78      0.76      1541
           1       0.25      0.21      0.23       544

    accuracy                           0.63      2085
   macro avg       0.49      0.50      0.49      2085
weighted avg       0.61      0.63      0.62      2085

                   pre       rec       spe        f1       geo       iba       sup

          0       0.74      0.78      0.21      0.76      0.41      0.17      1541
          1       0.25      0.21      0.78      0.23      0.41      0.16       544

avg / total       0.61      0.63      0.36      0.62      0.41      0.17      2085

