[FINETUNING BASE MODELS]
[GENERATE METAFEATURE]
Frequency statistics in metabase:
	LinearSVC                0.627
	RandomForestClassifier   0.373
[OFFLINE LEARNING]
Kappa:    -0.021
GMean:    0.422
Accuracy: 0.553
[[139  49]
 [ 85  27]]
              precision    recall  f1-score   support

           0       0.62      0.74      0.67       188
           1       0.36      0.24      0.29       112

    accuracy                           0.55       300
   macro avg       0.49      0.49      0.48       300
weighted avg       0.52      0.55      0.53       300

                   pre       rec       spe        f1       geo       iba       sup

          0       0.62      0.74      0.24      0.67      0.42      0.19       188
          1       0.36      0.24      0.74      0.29      0.42      0.17       112

avg / total       0.52      0.55      0.43      0.53      0.42      0.18       300

[ONLINE LEARNING]
Kappa:  0.07324360771041016
GMean:  0.4550482923419743
Accuracy:  0.6351108448172559
              precision    recall  f1-score   support

           0       0.70      0.81      0.75      1140
           1       0.39      0.26      0.31       529

    accuracy                           0.64      1669
   macro avg       0.54      0.53      0.53      1669
weighted avg       0.60      0.64      0.61      1669

                   pre       rec       spe        f1       geo       iba       sup

          0       0.70      0.81      0.26      0.75      0.46      0.22      1140
          1       0.39      0.26      0.81      0.31      0.46      0.20       529

avg / total       0.60      0.64      0.43      0.61      0.46      0.21      1669

