[FINETUNING BASE MODELS]
[GENERATE METAFEATURE]
Frequency statistics in metabase:
	SVC                      0.990
	GaussianNB               0.010
[OFFLINE LEARNING]
Kappa:    -0.005
GMean:    0.000
Accuracy: 0.987
[[296   1]
 [  3   0]]
              precision    recall  f1-score   support

           0       0.99      1.00      0.99       297
           2       0.00      0.00      0.00         3

    accuracy                           0.99       300
   macro avg       0.49      0.50      0.50       300
weighted avg       0.98      0.99      0.98       300

                   pre       rec       spe        f1       geo       iba       sup

          0       0.99      1.00      0.00      0.99      0.00      0.00       297
          2       0.00      0.00      1.00      0.00      0.00      0.00         3

avg / total       0.98      0.99      0.01      0.98      0.00      0.00       300

[ONLINE LEARNING]
Kappa:  0.14683173465073462
GMean:  0.14985891284697095
Accuracy:  0.7664893617021277
              precision    recall  f1-score   support

           0       0.81      0.95      0.87      1469
           1       0.35      0.21      0.26       236
           2       0.17      0.02      0.03       175

    accuracy                           0.77      1880
   macro avg       0.44      0.39      0.39      1880
weighted avg       0.69      0.77      0.72      1880

                   pre       rec       spe        f1       geo       iba       sup

          0       0.81      0.95      0.19      0.87      0.42      0.19      1469
          1       0.35      0.21      0.95      0.26      0.44      0.18       236
          2       0.17      0.02      0.99      0.03      0.13      0.02       175

avg / total       0.69      0.77      0.36      0.72      0.40      0.17      1880

