[FINETUNING BASE MODELS]
[GENERATE METAFEATURE]
Frequency statistics in metabase:
	SVC                      0.990
	GaussianNB               0.010
[OFFLINE LEARNING]
Kappa:    -0.013
GMean:    0.000
Accuracy: 0.973
[[292   5]
 [  3   0]]
              precision    recall  f1-score   support

           0       0.99      0.98      0.99       297
           2       0.00      0.00      0.00         3

    accuracy                           0.97       300
   macro avg       0.49      0.49      0.49       300
weighted avg       0.98      0.97      0.98       300

                   pre       rec       spe        f1       geo       iba       sup

          0       0.99      0.98      0.00      0.99      0.00      0.00       297
          2       0.00      0.00      0.98      0.00      0.00      0.00         3

avg / total       0.98      0.97      0.01      0.98      0.00      0.00       300

[ONLINE LEARNING]
Kappa:  -0.038455468462307296
GMean:  0.0
Accuracy:  0.7319148936170212
              precision    recall  f1-score   support

           0       0.77      0.93      0.85      1469
           1       0.00      0.00      0.00       236
           2       0.05      0.03      0.04       175

    accuracy                           0.73      1880
   macro avg       0.27      0.32      0.29      1880
weighted avg       0.61      0.73      0.66      1880

                   pre       rec       spe        f1       geo       iba       sup

          0       0.77      0.93      0.02      0.85      0.15      0.02      1469
          1       0.00      0.00      1.00      0.00      0.00      0.00       236
          2       0.05      0.03      0.94      0.04      0.16      0.02       175

avg / total       0.61      0.73      0.23      0.66      0.13      0.02      1880

