[FINETUNING BASE MODELS]
[GENERATE METAFEATURE]
Frequency statistics in metabase:
	SVC                      0.990
	GaussianNB               0.010
[OFFLINE LEARNING]
Kappa:    0.000
GMean:    0.000
Accuracy: 0.990
[[297   0]
 [  3   0]]
              precision    recall  f1-score   support

           0       0.99      1.00      0.99       297
           2       0.00      0.00      0.00         3

    accuracy                           0.99       300
   macro avg       0.49      0.50      0.50       300
weighted avg       0.98      0.99      0.99       300

                   pre       rec       spe        f1       geo       iba       sup

          0       0.99      1.00      0.00      0.99      0.00      0.00       297
          2       0.00      0.00      1.00      0.00      0.00      0.00         3

avg / total       0.98      0.99      0.01      0.99      0.00      0.00       300

[ONLINE LEARNING]
Kappa:  0.0
GMean:  0.0
Accuracy:  0.7813829787234042
              precision    recall  f1-score   support

           0       0.78      1.00      0.88      1469
           1       0.00      0.00      0.00       236
           2       0.00      0.00      0.00       175

    accuracy                           0.78      1880
   macro avg       0.26      0.33      0.29      1880
weighted avg       0.61      0.78      0.69      1880

                   pre       rec       spe        f1       geo       iba       sup

          0       0.78      1.00      0.00      0.88      0.00      0.00      1469
          1       0.00      0.00      1.00      0.00      0.00      0.00       236
          2       0.00      0.00      1.00      0.00      0.00      0.00       175

avg / total       0.61      0.78      0.22      0.69      0.00      0.00      1880

