[FINETUNING BASE MODELS]
[GENERATE METAFEATURE]
Frequency statistics in metabase:
	Pipeline                 0.792
	RandomForestClassifier   0.207
[OFFLINE LEARNING]
Kappa:    0.118+-0.326
GMean:    0.120+-0.325
Accuracy: 0.841+-0.080
[ONLINE LEARNING]
Kappa:  0.014101152599724998
GMean:  0.26512744669997956
Accuracy:  0.7476340694006309
              precision    recall  f1-score   support

           0       0.78      0.94      0.85      1239
           1       0.25      0.08      0.12       346

    accuracy                           0.75      1585
   macro avg       0.51      0.51      0.48      1585
weighted avg       0.67      0.75      0.69      1585

                   pre       rec       spe        f1       geo       iba       sup

          0       0.78      0.94      0.08      0.85      0.27      0.08      1239
          1       0.25      0.08      0.94      0.12      0.27      0.06       346

avg / total       0.67      0.75      0.26      0.69      0.27      0.07      1585

