[FINETUNING BASE MODELS]
[GENERATE METAFEATURE]
Frequency statistics in metabase:
	Pipeline                 0.792
	RandomForestClassifier   0.207
[OFFLINE LEARNING]
Kappa:    0.118+-0.326
GMean:    0.120+-0.325
Accuracy: 0.841+-0.080
[ONLINE LEARNING]
Kappa:  0.020563366494132485
GMean:  0.28380796952943277
Accuracy:  0.7451104100946372
              precision    recall  f1-score   support

           0       0.78      0.93      0.85      1239
           1       0.25      0.09      0.13       346

    accuracy                           0.75      1585
   macro avg       0.52      0.51      0.49      1585
weighted avg       0.67      0.75      0.69      1585

                   pre       rec       spe        f1       geo       iba       sup

          0       0.78      0.93      0.09      0.85      0.28      0.09      1239
          1       0.25      0.09      0.93      0.13      0.28      0.07       346

avg / total       0.67      0.75      0.27      0.69      0.28      0.08      1585

