[FINETUNING BASE MODELS]
[GENERATE METAFEATURE]
Frequency statistics in metabase:
	RandomForestClassifier   0.650
	LinearSVC                0.350
[OFFLINE LEARNING]
Kappa:    0.287
GMean:    0.623
Accuracy: 0.683
[[ 52  53]
 [ 42 153]]
              precision    recall  f1-score   support

           0       0.55      0.50      0.52       105
           1       0.74      0.78      0.76       195

    accuracy                           0.68       300
   macro avg       0.65      0.64      0.64       300
weighted avg       0.68      0.68      0.68       300

                   pre       rec       spe        f1       geo       iba       sup

          0       0.55      0.50      0.78      0.52      0.62      0.38       105
          1       0.74      0.78      0.50      0.76      0.62      0.40       195

avg / total       0.68      0.68      0.60      0.68      0.62      0.39       300

[ONLINE LEARNING]
Kappa:  -0.008079582199073565
GMean:  0.49401435054194764
Accuracy:  0.4847213900539245
              precision    recall  f1-score   support

           0       0.36      0.53      0.43       601
           1       0.64      0.46      0.53      1068

    accuracy                           0.48      1669
   macro avg       0.50      0.50      0.48      1669
weighted avg       0.53      0.48      0.49      1669

                   pre       rec       spe        f1       geo       iba       sup

          0       0.36      0.53      0.46      0.43      0.49      0.25       601
          1       0.64      0.46      0.53      0.53      0.49      0.24      1068

avg / total       0.53      0.48      0.51      0.49      0.49      0.24      1669

