[FINETUNING BASE MODELS]
[GENERATE METAFEATURE]
Frequency statistics in metabase:
	Pipeline                 0.535
	RandomForestClassifier   0.465
[OFFLINE LEARNING]
Kappa:    0.120+-0.239
GMean:    0.416+-0.262
Accuracy: 0.571+-0.115
[ONLINE LEARNING]
Kappa:  0.004563197099905381
GMean:  0.4865802226797453
Accuracy:  0.501577287066246
              precision    recall  f1-score   support

           0       0.50      0.63      0.56       788
           1       0.51      0.38      0.43       797

    accuracy                           0.50      1585
   macro avg       0.50      0.50      0.49      1585
weighted avg       0.50      0.50      0.49      1585

                   pre       rec       spe        f1       geo       iba       sup

          0       0.50      0.63      0.38      0.56      0.49      0.24       788
          1       0.51      0.38      0.63      0.43      0.49      0.23       797

avg / total       0.50      0.50      0.50      0.49      0.49      0.24      1585

